<?xml version="1.0" encoding="UTF-8"?>
<!-- Generated by org.testng.reporters.JUnitReportReporter -->
<testsuite hostname="WKWIN5154091" failures="0" tests="1" name="httpMethods.GetCall" time="3.358" errors="0" timestamp="2020-03-15T14:22:26 IST" skipped="0">
  <testcase classname="httpMethods.GetCall" name="get" time="3.358"/>
</testsuite> <!-- httpMethods.GetCall -->
