<?xml version="1.0" encoding="UTF-8"?>
<!-- Generated by org.testng.reporters.JUnitReportReporter -->
<testsuite hostname="WKWIN5154091" failures="0" tests="1" name="httpClient.GetCall" time="1.270" errors="0" timestamp="2020-03-15T21:26:12 IST" skipped="0">
  <testcase classname="httpClient.GetCall" name="getCall" time="1.270"/>
</testsuite> <!-- httpClient.GetCall -->
