<?xml version="1.0" encoding="UTF-8"?>
<!-- Generated by org.testng.reporters.JUnitReportReporter -->
<testsuite hostname="WKWIN5154091" failures="0" tests="2" name="deserialize.Deserialization" time="0.219" errors="0" timestamp="2020-03-14T22:59:16 IST" skipped="1">
  <testcase classname="deserialize.Deserialization" name="jsonToPojoClient" time="0.219"/>
  <testcase classname="deserialize.Deserialization" name="jsonToPojoEmployeeDetails">
    <skipped/>
  </testcase> <!-- jsonToPojoEmployeeDetails -->
</testsuite> <!-- deserialize.Deserialization -->
