<?xml version="1.0" encoding="UTF-8"?>
<!-- Generated by org.testng.reporters.JUnitReportReporter -->
<testsuite hostname="WKWIN5154091" failures="0" tests="1" name="httpMethods.ComplexDeserialization" time="3.697" errors="0" timestamp="2020-03-15T19:15:37 IST" skipped="0">
  <testcase classname="httpMethods.ComplexDeserialization" name="jsonToPojoEmployee" time="3.697"/>
</testsuite> <!-- httpMethods.ComplexDeserialization -->
