<?xml version="1.0" encoding="UTF-8"?>
<!-- Generated by org.testng.reporters.JUnitReportReporter -->
<testsuite hostname="WKWIN5154091" failures="0" tests="1" name="httpClient.PostCall" time="1.344" errors="0" timestamp="2020-03-15T22:00:39 IST" skipped="0">
  <testcase classname="httpClient.PostCall" name="postCall" time="1.344"/>
</testsuite> <!-- httpClient.PostCall -->
