<?xml version="1.0" encoding="UTF-8"?>
<!-- Generated by org.testng.reporters.JUnitReportReporter -->
<testsuite hostname="WKWIN5154091" failures="0" tests="1" name="serialize.Serialization" time="0.234" errors="0" timestamp="2020-03-14T22:42:30 IST" skipped="0">
  <testcase classname="serialize.Serialization" name="pojoToJsonClient" time="0.234"/>
</testsuite> <!-- serialize.Serialization -->
