<?xml version="1.0" encoding="UTF-8"?>
<!-- Generated by org.testng.reporters.JUnitReportReporter -->
<testsuite hostname="WKWIN5154091" failures="0" tests="1" name="httpMethods.PostCall" time="3.046" errors="0" timestamp="2020-03-15T16:56:34 IST" skipped="0">
  <testcase classname="httpMethods.PostCall" name="createPersonDetail" time="3.046"/>
</testsuite> <!-- httpMethods.PostCall -->
